Using pre-set license
Built from '2021.3/staging' branch; Version is '2021.3.4f1 (cb45f9cae8b7) revision 13321721'; Using compiler version '192829333'; Build Type 'Release'
OS: 'Windows 10  (10.0.17763) 64bit Core' Language: 'tr' Physical Memory: 8115 MB
BatchMode: 1, IsHumanControllingUs: 0, StartBugReporterOnCrash: 0, Is64bit: 1, IsPro: 1

COMMAND LINE ARGUMENTS:
F:\Program Files (x86)\Unity\Unity Hub\Editor\2021.3.4f1\Editor\Unity.exe
-adb2
-batchMode
-noUpm
-name
AssetImportWorker0
-projectPath
F:/Unity projects/FormulaRunner
-logFile
Logs/AssetImportWorker0.log
-srvPort
49608
Successfully changed project path to: F:/Unity projects/FormulaRunner
F:/Unity projects/FormulaRunner
[UnityMemory] Configuration Parameters - Can be set up in boot.config
    "memorysetup-bucket-allocator-granularity=16"
    "memorysetup-bucket-allocator-bucket-count=8"
    "memorysetup-bucket-allocator-block-size=33554432"
    "memorysetup-bucket-allocator-block-count=8"
    "memorysetup-main-allocator-block-size=16777216"
    "memorysetup-thread-allocator-block-size=16777216"
    "memorysetup-gfx-main-allocator-block-size=16777216"
    "memorysetup-gfx-thread-allocator-block-size=16777216"
    "memorysetup-cache-allocator-block-size=4194304"
    "memorysetup-typetree-allocator-block-size=2097152"
    "memorysetup-profiler-bucket-allocator-granularity=16"
    "memorysetup-profiler-bucket-allocator-bucket-count=8"
    "memorysetup-profiler-bucket-allocator-block-size=33554432"
    "memorysetup-profiler-bucket-allocator-block-count=8"
    "memorysetup-profiler-allocator-block-size=16777216"
    "memorysetup-profiler-editor-allocator-block-size=1048576"
    "memorysetup-temp-allocator-size-main=16777216"
    "memorysetup-job-temp-allocator-block-size=2097152"
    "memorysetup-job-temp-allocator-block-size-background=1048576"
    "memorysetup-job-temp-allocator-reduction-small-platforms=262144"
    "memorysetup-temp-allocator-size-background-worker=32768"
    "memorysetup-temp-allocator-size-job-worker=262144"
    "memorysetup-temp-allocator-size-preload-manager=33554432"
    "memorysetup-temp-allocator-size-nav-mesh-worker=65536"
    "memorysetup-temp-allocator-size-audio-worker=65536"
    "memorysetup-temp-allocator-size-cloud-worker=32768"
    "memorysetup-temp-allocator-size-gi-baking-worker=262144"
    "memorysetup-temp-allocator-size-gfx=262144"
Refreshing native plugins compatible for Editor in 124.83 ms, found 3 plugins.
Preloading 0 native plugins for Editor in 0.00 ms.
Initialize engine version: 2021.3.4f1 (cb45f9cae8b7)
[Subsystems] Discovering subsystems at path F:/Program Files (x86)/Unity/Unity Hub/Editor/2021.3.4f1/Editor/Data/Resources/UnitySubsystems
[Subsystems] Discovering subsystems at path F:/Unity projects/FormulaRunner/Assets
GfxDevice: creating device client; threaded=0; jobified=0
Direct3D:
    Version:  Direct3D 11.0 [level 11.1]
    Renderer: Radeon (TM) RX 470 Graphics (ID=0x67df)
    Vendor:   ATI
    VRAM:     4075 MB
    Driver:   30.0.14023.1009
Initialize mono
Mono path[0] = 'F:/Program Files (x86)/Unity/Unity Hub/Editor/2021.3.4f1/Editor/Data/Managed'
Mono path[1] = 'F:/Program Files (x86)/Unity/Unity Hub/Editor/2021.3.4f1/Editor/Data/MonoBleedingEdge/lib/mono/unityjit-win32'
Mono config path = 'F:/Program Files (x86)/Unity/Unity Hub/Editor/2021.3.4f1/Editor/Data/MonoBleedingEdge/etc'
Using monoOptions --debugger-agent=transport=dt_socket,embedding=1,server=y,suspend=n,address=127.0.0.1:56940
Begin MonoManager ReloadAssembly
Registering precompiled unity dll's ...
Register platform support module: F:/Program Files (x86)/Unity/Unity Hub/Editor/2021.3.4f1/Editor/Data/PlaybackEngines/AndroidPlayer/UnityEditor.Android.Extensions.dll
Register platform support module: F:/Program Files (x86)/Unity/Unity Hub/Editor/2021.3.4f1/Editor/Data/PlaybackEngines/iOSSupport/UnityEditor.iOS.Extensions.dll
Register platform support module: F:/Program Files (x86)/Unity/Unity Hub/Editor/2021.3.4f1/Editor/Data/PlaybackEngines/WindowsStandaloneSupport/UnityEditor.WindowsStandalone.Extensions.dll
Registered in 0.007623 seconds.
Native extension for WindowsStandalone target not found
[usbmuxd] Start listen thread
[usbmuxd] Listen thread started
Native extension for iOS target not found
Native extension for Android target not found
Refreshing native plugins compatible for Editor in 120.42 ms, found 3 plugins.
Preloading 0 native plugins for Editor in 0.00 ms.
Mono: successfully reloaded assembly
- Completed reload, in  0.909 seconds
Domain Reload Profiling:
	ReloadAssembly (910ms)
		BeginReloadAssembly (102ms)
			ExecutionOrderSort (0ms)
			DisableScriptedObjects (0ms)
			BackupInstance (0ms)
			ReleaseScriptingObjects (0ms)
			CreateAndSetChildDomain (1ms)
		EndReloadAssembly (659ms)
			LoadAssemblies (101ms)
			RebuildTransferFunctionScriptingTraits (0ms)
			SetupTypeCache (155ms)
			ReleaseScriptCaches (0ms)
			RebuildScriptCaches (40ms)
			SetupLoadedEditorAssemblies (396ms)
				LogAssemblyErrors (0ms)
				InitializePlatformSupportModulesInManaged (88ms)
				SetLoadedEditorAssemblies (3ms)
				RefreshPlugins (121ms)
				BeforeProcessingInitializeOnLoad (2ms)
				ProcessInitializeOnLoadAttributes (124ms)
				ProcessInitializeOnLoadMethodAttributes (59ms)
				AfterProcessingInitializeOnLoad (0ms)
				EditorAssembliesLoaded (0ms)
			ExecutionOrderSort2 (0ms)
			AwakeInstancesAfterBackupRestoration (0ms)
Platform modules already initialized, skipping
Registering precompiled user dll's ...
Registered in 0.007228 seconds.
Begin MonoManager ReloadAssembly
Symbol file LoadedFromMemory doesn't match image F:\Unity projects\FormulaRunner\Library\PackageCache\com.unity.visualscripting@1.7.8\Editor\VisualScripting.Core\Dependencies\YamlDotNet\Unity.VisualScripting.YamlDotNet.dll
Symbol file LoadedFromMemory doesn't match image F:\Unity projects\FormulaRunner\Library\PackageCache\com.unity.visualscripting@1.7.8\Editor\VisualScripting.Core\Dependencies\DotNetZip\Unity.VisualScripting.IonicZip.dll
Native extension for WindowsStandalone target not found
Native extension for iOS target not found
Native extension for Android target not found
Refreshing native plugins compatible for Editor in 0.66 ms, found 3 plugins.
Preloading 0 native plugins for Editor in 0.00 ms.
Mono: successfully reloaded assembly
- Completed reload, in  1.600 seconds
Domain Reload Profiling:
	ReloadAssembly (1601ms)
		BeginReloadAssembly (280ms)
			ExecutionOrderSort (0ms)
			DisableScriptedObjects (9ms)
			BackupInstance (0ms)
			ReleaseScriptingObjects (0ms)
			CreateAndSetChildDomain (142ms)
		EndReloadAssembly (1174ms)
			LoadAssemblies (142ms)
			RebuildTransferFunctionScriptingTraits (0ms)
			SetupTypeCache (370ms)
			ReleaseScriptCaches (1ms)
			RebuildScriptCaches (76ms)
			SetupLoadedEditorAssemblies (526ms)
				LogAssemblyErrors (0ms)
				InitializePlatformSupportModulesInManaged (32ms)
				SetLoadedEditorAssemblies (1ms)
				RefreshPlugins (1ms)
				BeforeProcessingInitializeOnLoad (118ms)
				ProcessInitializeOnLoadAttributes (319ms)
				ProcessInitializeOnLoadMethodAttributes (47ms)
				AfterProcessingInitializeOnLoad (8ms)
				EditorAssembliesLoaded (0ms)
			ExecutionOrderSort2 (0ms)
			AwakeInstancesAfterBackupRestoration (10ms)
Platform modules already initialized, skipping
========================================================================
Worker process is ready to serve import requests
Launched and connected shader compiler UnityShaderCompiler.exe after 0.10 seconds
Refreshing native plugins compatible for Editor in 0.79 ms, found 3 plugins.
Preloading 0 native plugins for Editor in 0.00 ms.
Unloading 3387 Unused Serialized files (Serialized files now loaded: 0)
Unloading 27 unused Assets / (111.3 KB). Loaded Objects now: 3862.
Memory consumption went from 130.1 MB to 130.0 MB.
Total: 4.502500 ms (FindLiveObjects: 0.347400 ms CreateObjectMapping: 0.219000 ms MarkObjects: 3.801900 ms  DeleteObjects: 0.131300 ms)

AssetImportParameters requested are different than current active one (requested -> active):
  custom:video-decoder-ogg-theora: a1e56fd34408186e4bbccfd4996cb3dc -> 
  custom:container-muxer-webm: aa71ff27fc2769a1b78a27578f13a17b -> 
  custom:container-demuxer-webm: 4f35f7cbe854078d1ac9338744f61a02 -> 
  custom:video-encoder-webm-vp8: eb34c28f22e8b96e1ab97ce403110664 -> 
  custom:audio-encoder-webm-vorbis: bf7c407c2cedff20999df2af8eb42d56 -> 
  custom:framework-win-MediaFoundation: 216162199b28c13a410421893ffa2e32 -> 
  custom:container-demuxer-ogg: 62fdf1f143b41e24485cea50d1cbac27 -> 
  custom:video-decoder-webm-vp8: 9c59270c3fd7afecdb556c50c9e8de78 -> 
  custom:audio-decoder-ogg-vorbis: bf7c407c2cedff20999df2af8eb42d56 -> 
========================================================================
Received Import Request.
  Time since last request: 124679.515904 seconds.
  path: Assets/Models/Mobile Toon Cars Free/Models/Car_4.fbx
  artifactKey: Guid(0da0a37a38c2106489f2e4d6f7266e43) Importer(815301076,1909f56bfc062723c751e8b465ee728b)
Start importing Assets/Models/Mobile Toon Cars Free/Models/Car_4.fbx using Guid(0da0a37a38c2106489f2e4d6f7266e43) Importer(815301076,1909f56bfc062723c751e8b465ee728b)  -> (artifact id: '0f7ef79d581a2c058fa854e40cefc654') in 0.415247 seconds 
========================================================================
Received Import Request.
  Time since last request: 0.000026 seconds.
  path: Assets/Models/Mobile Toon Cars Free/Models/Car_3.fbx
  artifactKey: Guid(5a04a95ac2756e744a6791f5a683f5b3) Importer(815301076,1909f56bfc062723c751e8b465ee728b)
Start importing Assets/Models/Mobile Toon Cars Free/Models/Car_3.fbx using Guid(5a04a95ac2756e744a6791f5a683f5b3) Importer(815301076,1909f56bfc062723c751e8b465ee728b)  -> (artifact id: '16dfa9c7771dbe961d90cba4ce082342') in 0.159667 seconds 
========================================================================
Received Import Request.
  Time since last request: 0.000034 seconds.
  path: Assets/Models/Mobile Toon Cars Free/Models/Car_5.fbx
  artifactKey: Guid(c61c10b6f730c364ab118d444bf533ea) Importer(815301076,1909f56bfc062723c751e8b465ee728b)
Start importing Assets/Models/Mobile Toon Cars Free/Models/Car_5.fbx using Guid(c61c10b6f730c364ab118d444bf533ea) Importer(815301076,1909f56bfc062723c751e8b465ee728b)  -> (artifact id: '9250ef6d4186280cd77887f053182f1f') in 0.134883 seconds 
========================================================================
Received Import Request.
  Time since last request: 0.000028 seconds.
  path: Assets/Models/Mobile Toon Cars Free/Models/Car_2.fbx
  artifactKey: Guid(b6483fdf85dc52143b3a48449d6b17fb) Importer(815301076,1909f56bfc062723c751e8b465ee728b)
Start importing Assets/Models/Mobile Toon Cars Free/Models/Car_2.fbx using Guid(b6483fdf85dc52143b3a48449d6b17fb) Importer(815301076,1909f56bfc062723c751e8b465ee728b)  -> (artifact id: '1ddfeeee9ffb39694d5ace6108ae2cfa') in 0.117509 seconds 
========================================================================
Received Import Request.
  Time since last request: 0.000028 seconds.
  path: Assets/Models/Mobile Toon Cars Free/Models/Textures
  artifactKey: Guid(036d4722f0781844ba257b0c8a986550) Importer(815301076,1909f56bfc062723c751e8b465ee728b)
Start importing Assets/Models/Mobile Toon Cars Free/Models/Textures using Guid(036d4722f0781844ba257b0c8a986550) Importer(815301076,1909f56bfc062723c751e8b465ee728b)  -> (artifact id: '9cbeb4e6559796724b0108ef584e3191') in 0.002936 seconds 
========================================================================
Received Import Request.
  Time since last request: 0.000038 seconds.
  path: Assets/Models/Mobile Toon Cars Free/Models/Textures/Shadow.psd
  artifactKey: Guid(14b0b8fbb3d187448ae1f105b12f8100) Importer(815301076,1909f56bfc062723c751e8b465ee728b)
Start importing Assets/Models/Mobile Toon Cars Free/Models/Textures/Shadow.psd using Guid(14b0b8fbb3d187448ae1f105b12f8100) Importer(815301076,1909f56bfc062723c751e8b465ee728b)  -> (artifact id: '260db7f62010fe957a99efd606416464') in 0.045203 seconds 
========================================================================
Received Import Request.
  Time since last request: 0.000045 seconds.
  path: Assets/Models/Mobile Toon Cars Free/Models/Car_1.fbx
  artifactKey: Guid(e8aa13d551255db489199e8cffe413e4) Importer(815301076,1909f56bfc062723c751e8b465ee728b)
Start importing Assets/Models/Mobile Toon Cars Free/Models/Car_1.fbx using Guid(e8aa13d551255db489199e8cffe413e4) Importer(815301076,1909f56bfc062723c751e8b465ee728b)  -> (artifact id: '8b1d7fd024416b4d065ab38f2c83319b') in 0.154239 seconds 
========================================================================
Received Import Request.
  Time since last request: 0.000031 seconds.
  path: Assets/Models/Mobile Toon Cars Free/Models/Textures/PaletteTexture.png
  artifactKey: Guid(90b6d14e702ecad4a958560f316988cf) Importer(815301076,1909f56bfc062723c751e8b465ee728b)
Start importing Assets/Models/Mobile Toon Cars Free/Models/Textures/PaletteTexture.png using Guid(90b6d14e702ecad4a958560f316988cf) Importer(815301076,1909f56bfc062723c751e8b465ee728b)  -> (artifact id: '7580daa0c60cb83a4586f0e7e559cc17') in 0.066585 seconds 
========================================================================
Received Import Request.
  Time since last request: 0.000060 seconds.
  path: Assets/Models/Mobile Toon Cars Free/Models/Car_6.fbx
  artifactKey: Guid(304d4176b33d3f443acaa23716e9b5eb) Importer(815301076,1909f56bfc062723c751e8b465ee728b)
Start importing Assets/Models/Mobile Toon Cars Free/Models/Car_6.fbx using Guid(304d4176b33d3f443acaa23716e9b5eb) Importer(815301076,1909f56bfc062723c751e8b465ee728b)  -> (artifact id: '905c2531ad45329377f27390c3c2aabc') in 0.127383 seconds 
========================================================================
Received Import Request.
  Time since last request: 1.387249 seconds.
  path: Assets/Models/Mobile Toon Cars Free/Models/Materials
  artifactKey: Guid(0519e2af305648a4ab1599a96873e8c7) Importer(815301076,1909f56bfc062723c751e8b465ee728b)
Start importing Assets/Models/Mobile Toon Cars Free/Models/Materials using Guid(0519e2af305648a4ab1599a96873e8c7) Importer(815301076,1909f56bfc062723c751e8b465ee728b)  -> (artifact id: 'c57ab087a4cddbd904b76a8d62b995b1') in 0.003982 seconds 
========================================================================
Received Import Request.
  Time since last request: 0.213717 seconds.
  path: Assets/Models/Mobile Toon Cars Free/Models/Materials/PaletteTexture.mat
  artifactKey: Guid(ebace7b86ea417641bf4f0f5ee562f5a) Importer(815301076,1909f56bfc062723c751e8b465ee728b)
Start importing Assets/Models/Mobile Toon Cars Free/Models/Materials/PaletteTexture.mat using Guid(ebace7b86ea417641bf4f0f5ee562f5a) Importer(815301076,1909f56bfc062723c751e8b465ee728b)  -> (artifact id: '2f7b0a06847a11607405767e9fb0b6ac') in 0.062117 seconds 
========================================================================
Received Import Request.
  Time since last request: 0.000133 seconds.
  path: Assets/Models/Mobile Toon Cars Free/Models/Materials/Shadow.mat
  artifactKey: Guid(1799d04220600444985a8e274de4b5a2) Importer(815301076,1909f56bfc062723c751e8b465ee728b)
Start importing Assets/Models/Mobile Toon Cars Free/Models/Materials/Shadow.mat using Guid(1799d04220600444985a8e274de4b5a2) Importer(815301076,1909f56bfc062723c751e8b465ee728b)  -> (artifact id: '27e57a9243251ef8ca50540be5a24cd8') in 0.022930 seconds 
========================================================================
Received Import Request.
  Time since last request: 5.702603 seconds.
  path: Assets/StreamingAssets
  artifactKey: Guid(9126b0f0e204c0b49be295a287a217f3) Importer(815301076,1909f56bfc062723c751e8b465ee728b)
Start importing Assets/StreamingAssets using Guid(9126b0f0e204c0b49be295a287a217f3) Importer(815301076,1909f56bfc062723c751e8b465ee728b)  -> (artifact id: '42c41bdfcdfa6c5fde3367e83d39bfbb') in 0.010670 seconds 
========================================================================
Received Import Request.
  Time since last request: 2.491479 seconds.
  path: Assets/Materials/PauseLogoImage-removebg-preview.png
  artifactKey: Guid(cd44e6412cdd31a4e8302cf4d6d4cabc) Importer(815301076,1909f56bfc062723c751e8b465ee728b)
Start importing Assets/Materials/PauseLogoImage-removebg-preview.png using Guid(cd44e6412cdd31a4e8302cf4d6d4cabc) Importer(815301076,1909f56bfc062723c751e8b465ee728b)  -> (artifact id: '415bc647784f70055b6659f7549eabc0') in 0.082640 seconds 
========================================================================
Received Import Request.
  Time since last request: 5.141467 seconds.
  path: Assets/BEDRILL/Track_Environment_Free
  artifactKey: Guid(8891d90957154884995224e74d88c0a8) Importer(815301076,1909f56bfc062723c751e8b465ee728b)
Start importing Assets/BEDRILL/Track_Environment_Free using Guid(8891d90957154884995224e74d88c0a8) Importer(815301076,1909f56bfc062723c751e8b465ee728b)  -> (artifact id: 'fd5374654693b05b3ba94886ea797c68') in 0.009195 seconds 
========================================================================
Received Import Request.
  Time since last request: 1.717393 seconds.
  path: Assets/BEDRILL/Track_Environment_Free/Models
  artifactKey: Guid(4cba38623195cc4458fc1de6a98349e4) Importer(815301076,1909f56bfc062723c751e8b465ee728b)
Start importing Assets/BEDRILL/Track_Environment_Free/Models using Guid(4cba38623195cc4458fc1de6a98349e4) Importer(815301076,1909f56bfc062723c751e8b465ee728b)  -> (artifact id: '3a07de6174bd760c1aa4806e88f7065a') in 0.009606 seconds 
========================================================================
Received Import Request.
  Time since last request: 0.031480 seconds.
  path: Assets/BEDRILL/Track_Environment_Free/Models/Arch_01_free.fbx
  artifactKey: Guid(ee05a77639c729f448c842f5462f0b4b) Importer(815301076,1909f56bfc062723c751e8b465ee728b)
Start importing Assets/BEDRILL/Track_Environment_Free/Models/Arch_01_free.fbx using Guid(ee05a77639c729f448c842f5462f0b4b) Importer(815301076,1909f56bfc062723c751e8b465ee728b)  -> (artifact id: '2588539ef3a7eca3d0ec4e7f25b7a605') in 0.028040 seconds 
========================================================================
Received Import Request.
  Time since last request: 0.000078 seconds.
  path: Assets/BEDRILL/Track_Environment_Free/Models/Traffic_light_free.fbx
  artifactKey: Guid(cd4943d3cd4d51d4598679f546348626) Importer(815301076,1909f56bfc062723c751e8b465ee728b)
Start importing Assets/BEDRILL/Track_Environment_Free/Models/Traffic_light_free.fbx using Guid(cd4943d3cd4d51d4598679f546348626) Importer(815301076,1909f56bfc062723c751e8b465ee728b)  -> (artifact id: '4887399c96acdb15d267485569f4395f') in 0.025992 seconds 
========================================================================
Received Import Request.
  Time since last request: 0.000020 seconds.
  path: Assets/BEDRILL/Track_Environment_Free/Models/Pole_light_free.fbx
  artifactKey: Guid(524b0a3ce31d8264ea017eae2d6e4441) Importer(815301076,1909f56bfc062723c751e8b465ee728b)
Start importing Assets/BEDRILL/Track_Environment_Free/Models/Pole_light_free.fbx using Guid(524b0a3ce31d8264ea017eae2d6e4441) Importer(815301076,1909f56bfc062723c751e8b465ee728b)  -> (artifact id: 'e66a149c26e56e59f1521eba8f50940a') in 0.028726 seconds 
========================================================================
Received Import Request.
  Time since last request: 0.000054 seconds.
  path: Assets/BEDRILL/Track_Environment_Free/Models/Sign_free.fbx
  artifactKey: Guid(fd3accc54eafe0a4c8fbd42c3b715148) Importer(815301076,1909f56bfc062723c751e8b465ee728b)
Start importing Assets/BEDRILL/Track_Environment_Free/Models/Sign_free.fbx using Guid(fd3accc54eafe0a4c8fbd42c3b715148) Importer(815301076,1909f56bfc062723c751e8b465ee728b)  -> (artifact id: '4b076df62d61797c764736503c3bb16c') in 0.027570 seconds 
========================================================================
Received Import Request.
  Time since last request: 0.000041 seconds.
  path: Assets/BEDRILL/Track_Environment_Free/Models/Arch_for_banner_free.fbx
  artifactKey: Guid(f07e09f6d3fc20744a9f77e776732341) Importer(815301076,1909f56bfc062723c751e8b465ee728b)
Start importing Assets/BEDRILL/Track_Environment_Free/Models/Arch_for_banner_free.fbx using Guid(f07e09f6d3fc20744a9f77e776732341) Importer(815301076,1909f56bfc062723c751e8b465ee728b)  -> (artifact id: '2418094554ed0e983a3267776465e52f') in 0.026667 seconds 
========================================================================
Received Import Request.
  Time since last request: 0.000019 seconds.
  path: Assets/BEDRILL/Track_Environment_Free/Models/Barrier_free.fbx
  artifactKey: Guid(fc7e863a8c68106469f94461e8a8cec1) Importer(815301076,1909f56bfc062723c751e8b465ee728b)
Start importing Assets/BEDRILL/Track_Environment_Free/Models/Barrier_free.fbx using Guid(fc7e863a8c68106469f94461e8a8cec1) Importer(815301076,1909f56bfc062723c751e8b465ee728b)  -> (artifact id: '98e75abc6ae5b5f6a958ae1b6a83fc2d') in 0.024720 seconds 
========================================================================
Received Import Request.
  Time since last request: 0.000037 seconds.
  path: Assets/BEDRILL/Track_Environment_Free/Models/Arch_banner_finish_free.fbx
  artifactKey: Guid(3bdf32973f5b9f143bfdfd0ae9bd4c32) Importer(815301076,1909f56bfc062723c751e8b465ee728b)
Start importing Assets/BEDRILL/Track_Environment_Free/Models/Arch_banner_finish_free.fbx using Guid(3bdf32973f5b9f143bfdfd0ae9bd4c32) Importer(815301076,1909f56bfc062723c751e8b465ee728b)  -> (artifact id: '046227c16c9e63d44e8ca057fc34519b') in 0.022894 seconds 
========================================================================
Received Import Request.
  Time since last request: 0.000024 seconds.
  path: Assets/BEDRILL/Track_Environment_Free/Models/Arrow_02_free.fbx
  artifactKey: Guid(e687b0964c1445b4d9ff1a06b1a9a80b) Importer(815301076,1909f56bfc062723c751e8b465ee728b)
Start importing Assets/BEDRILL/Track_Environment_Free/Models/Arrow_02_free.fbx using Guid(e687b0964c1445b4d9ff1a06b1a9a80b) Importer(815301076,1909f56bfc062723c751e8b465ee728b)  -> (artifact id: '7b38ee901e674a263ebebbdf93512981') in 0.022311 seconds 
========================================================================
Received Import Request.
  Time since last request: 0.000018 seconds.
  path: Assets/BEDRILL/Track_Environment_Free/Models/Cone_free.fbx
  artifactKey: Guid(41d39579352781a469fa30b8617ec422) Importer(815301076,1909f56bfc062723c751e8b465ee728b)
Start importing Assets/BEDRILL/Track_Environment_Free/Models/Cone_free.fbx using Guid(41d39579352781a469fa30b8617ec422) Importer(815301076,1909f56bfc062723c751e8b465ee728b)  -> (artifact id: 'e479e12279c4d248c4c53c4840fddd17') in 0.023675 seconds 
========================================================================
Received Import Request.
  Time since last request: 0.000024 seconds.
  path: Assets/BEDRILL/Track_Environment_Free/Models/Tire_free.fbx
  artifactKey: Guid(7827ac7a6723ad24493257d6e9ee9ad4) Importer(815301076,1909f56bfc062723c751e8b465ee728b)
Start importing Assets/BEDRILL/Track_Environment_Free/Models/Tire_free.fbx using Guid(7827ac7a6723ad24493257d6e9ee9ad4) Importer(815301076,1909f56bfc062723c751e8b465ee728b)  -> (artifact id: 'd923a9e332f09c301a37154f79a53fdd') in 0.022718 seconds 
========================================================================
Received Import Request.
  Time since last request: 0.000025 seconds.
  path: Assets/BEDRILL/Track_Environment_Free/Models/Tribune_free.fbx
  artifactKey: Guid(29a2224320214ef489d7ecf10d4141dd) Importer(815301076,1909f56bfc062723c751e8b465ee728b)
Start importing Assets/BEDRILL/Track_Environment_Free/Models/Tribune_free.fbx using Guid(29a2224320214ef489d7ecf10d4141dd) Importer(815301076,1909f56bfc062723c751e8b465ee728b)  -> (artifact id: '04a351890c73f7f1cc6215ba7888e923') in 0.028023 seconds 
========================================================================
Received Import Request.
  Time since last request: 0.000023 seconds.
  path: Assets/BEDRILL/Track_Environment_Free/Models/Flag_free.fbx
  artifactKey: Guid(6503076fc48824e4f87cd11e064396e7) Importer(815301076,1909f56bfc062723c751e8b465ee728b)
Start importing Assets/BEDRILL/Track_Environment_Free/Models/Flag_free.fbx using Guid(6503076fc48824e4f87cd11e064396e7) Importer(815301076,1909f56bfc062723c751e8b465ee728b)  -> (artifact id: '533747c6c5ee67abf5244be7cc0d9f71') in 0.031724 seconds 
========================================================================
Received Import Request.
  Time since last request: 0.000031 seconds.
  path: Assets/BEDRILL/Track_Environment_Free/Models/Arrow_01_free.fbx
  artifactKey: Guid(bce2e842bb981e54d9fca3268ae02e8e) Importer(815301076,1909f56bfc062723c751e8b465ee728b)
Start importing Assets/BEDRILL/Track_Environment_Free/Models/Arrow_01_free.fbx using Guid(bce2e842bb981e54d9fca3268ae02e8e) Importer(815301076,1909f56bfc062723c751e8b465ee728b)  -> (artifact id: 'efe7171bf5eaf0e0be78ad0dcb6521fd') in 0.026688 seconds 
========================================================================
Received Import Request.
  Time since last request: 0.000038 seconds.
  path: Assets/BEDRILL/Track_Environment_Free/Models/Fence_concrete_free.fbx
  artifactKey: Guid(6cf1be92d81a7174088097d2d5df2eb6) Importer(815301076,1909f56bfc062723c751e8b465ee728b)
Start importing Assets/BEDRILL/Track_Environment_Free/Models/Fence_concrete_free.fbx using Guid(6cf1be92d81a7174088097d2d5df2eb6) Importer(815301076,1909f56bfc062723c751e8b465ee728b)  -> (artifact id: 'cb7c05bf5671ee99a285d891e9fe6d43') in 0.032077 seconds 
========================================================================
Received Import Request.
  Time since last request: 9.016192 seconds.
  path: Assets/BEDRILL/Track_Environment_Free/Materials
  artifactKey: Guid(f099ab1e634bcfb489a39caf8042b9e3) Importer(815301076,1909f56bfc062723c751e8b465ee728b)
Start importing Assets/BEDRILL/Track_Environment_Free/Materials using Guid(f099ab1e634bcfb489a39caf8042b9e3) Importer(815301076,1909f56bfc062723c751e8b465ee728b)  -> (artifact id: '43b9d9ecb04fe4d3f2ed617bd6af8c42') in 0.005451 seconds 
========================================================================
Received Import Request.
  Time since last request: 0.039526 seconds.
  path: Assets/BEDRILL/Track_Environment_Free/Materials/Environment_Free_Material.mat
  artifactKey: Guid(b191529dbda163843876d34008f8139a) Importer(815301076,1909f56bfc062723c751e8b465ee728b)
Start importing Assets/BEDRILL/Track_Environment_Free/Materials/Environment_Free_Material.mat using Guid(b191529dbda163843876d34008f8139a) Importer(815301076,1909f56bfc062723c751e8b465ee728b)  -> (artifact id: 'dfa6fa7c8db914f9e0b400c15af51a9c') in 0.014567 seconds 
========================================================================
Received Import Request.
  Time since last request: 0.000045 seconds.
  path: Assets/BEDRILL/Track_Environment_Free/Materials/Plane.mat
  artifactKey: Guid(6e8c90375478767429263aa573600758) Importer(815301076,1909f56bfc062723c751e8b465ee728b)
Start importing Assets/BEDRILL/Track_Environment_Free/Materials/Plane.mat using Guid(6e8c90375478767429263aa573600758) Importer(815301076,1909f56bfc062723c751e8b465ee728b)  -> (artifact id: 'd1332df493e8a816038d6a970dd11a2f') in 0.021448 seconds 
========================================================================
Received Import Request.
  Time since last request: 4.201726 seconds.
  path: Assets/BEDRILL/Track_Environment_Free/Prefabs
  artifactKey: Guid(265684f584731c948854c5b6c2a6bcc0) Importer(815301076,1909f56bfc062723c751e8b465ee728b)
Start importing Assets/BEDRILL/Track_Environment_Free/Prefabs using Guid(265684f584731c948854c5b6c2a6bcc0) Importer(815301076,1909f56bfc062723c751e8b465ee728b)  -> (artifact id: 'e46ec126d2bbf9564bb3aded8733e08c') in 0.005477 seconds 
========================================================================
Received Import Request.
  Time since last request: 0.041259 seconds.
  path: Assets/BEDRILL/Track_Environment_Free/Prefabs/Arch_01_free_obs.prefab
  artifactKey: Guid(63f7e3a5ea486a9438b4cd3142c7dc92) Importer(815301076,1909f56bfc062723c751e8b465ee728b)
Start importing Assets/BEDRILL/Track_Environment_Free/Prefabs/Arch_01_free_obs.prefab using Guid(63f7e3a5ea486a9438b4cd3142c7dc92) Importer(815301076,1909f56bfc062723c751e8b465ee728b)  -> (artifact id: 'b567f18e0cb9cdea7cb6285a3ae370f3') in 0.018809 seconds 
========================================================================
Received Import Request.
  Time since last request: 0.000022 seconds.
  path: Assets/BEDRILL/Track_Environment_Free/Prefabs/Sign_free_obs.prefab
  artifactKey: Guid(fca05fc86b15f0d4da25ed7793db4384) Importer(815301076,1909f56bfc062723c751e8b465ee728b)
Start importing Assets/BEDRILL/Track_Environment_Free/Prefabs/Sign_free_obs.prefab using Guid(fca05fc86b15f0d4da25ed7793db4384) Importer(815301076,1909f56bfc062723c751e8b465ee728b)  -> (artifact id: 'c9c42681ac065a7fbcd2a6792dcda577') in 0.023274 seconds 
========================================================================
Received Import Request.
  Time since last request: 0.000026 seconds.
  path: Assets/BEDRILL/Track_Environment_Free/Prefabs/Traffic_light_free_obs.prefab
  artifactKey: Guid(99c5fe0ab7d0f8045a119a49343475d2) Importer(815301076,1909f56bfc062723c751e8b465ee728b)
Start importing Assets/BEDRILL/Track_Environment_Free/Prefabs/Traffic_light_free_obs.prefab using Guid(99c5fe0ab7d0f8045a119a49343475d2) Importer(815301076,1909f56bfc062723c751e8b465ee728b)  -> (artifact id: '47c7d3b710572321a2d953ddb6f0cc7c') in 0.016597 seconds 
========================================================================
Received Import Request.
  Time since last request: 0.000022 seconds.
  path: Assets/BEDRILL/Track_Environment_Free/Prefabs/Fence_concrete_free_obs.prefab
  artifactKey: Guid(7f98c8176bfca7347b11006aac2c90ce) Importer(815301076,1909f56bfc062723c751e8b465ee728b)
Start importing Assets/BEDRILL/Track_Environment_Free/Prefabs/Fence_concrete_free_obs.prefab using Guid(7f98c8176bfca7347b11006aac2c90ce) Importer(815301076,1909f56bfc062723c751e8b465ee728b)  -> (artifact id: 'fa51fc73a52afde6f595721e7930b36e') in 0.020420 seconds 
========================================================================
Received Import Request.
  Time since last request: 0.000068 seconds.
  path: Assets/BEDRILL/Track_Environment_Free/Prefabs/Tire_free_obs.prefab
  artifactKey: Guid(0a9f73a18c612c34a9773c0dd0fae0ab) Importer(815301076,1909f56bfc062723c751e8b465ee728b)
Start importing Assets/BEDRILL/Track_Environment_Free/Prefabs/Tire_free_obs.prefab using Guid(0a9f73a18c612c34a9773c0dd0fae0ab) Importer(815301076,1909f56bfc062723c751e8b465ee728b)  -> (artifact id: 'b2a6807bcf912c06362869681913fde1') in 0.021717 seconds 
========================================================================
Received Import Request.
  Time since last request: 0.000025 seconds.
  path: Assets/BEDRILL/Track_Environment_Free/Prefabs/Arch_for_banner_free_obs.prefab
  artifactKey: Guid(27f69fe37e0c8c44f97be1aba8f406cd) Importer(815301076,1909f56bfc062723c751e8b465ee728b)
Start importing Assets/BEDRILL/Track_Environment_Free/Prefabs/Arch_for_banner_free_obs.prefab using Guid(27f69fe37e0c8c44f97be1aba8f406cd) Importer(815301076,1909f56bfc062723c751e8b465ee728b)  -> (artifact id: '15f35fd7819bbdeb8a973b437db30180') in 0.020427 seconds 
========================================================================
Received Import Request.
  Time since last request: 0.000024 seconds.
  path: Assets/BEDRILL/Track_Environment_Free/Prefabs/Pole_light_free_obs.prefab
  artifactKey: Guid(5a8f39913d8079645914b07628ae2049) Importer(815301076,1909f56bfc062723c751e8b465ee728b)
Start importing Assets/BEDRILL/Track_Environment_Free/Prefabs/Pole_light_free_obs.prefab using Guid(5a8f39913d8079645914b07628ae2049) Importer(815301076,1909f56bfc062723c751e8b465ee728b)  -> (artifact id: 'c2c37c3df10d917ce5ca7ca0fbf78a1f') in 0.018340 seconds 
========================================================================
Received Import Request.
  Time since last request: 0.000054 seconds.
  path: Assets/BEDRILL/Track_Environment_Free/Prefabs/Arrow_01_free_obs.prefab
  artifactKey: Guid(b2de576461b3e6349bb43cd827e123ed) Importer(815301076,1909f56bfc062723c751e8b465ee728b)
Start importing Assets/BEDRILL/Track_Environment_Free/Prefabs/Arrow_01_free_obs.prefab using Guid(b2de576461b3e6349bb43cd827e123ed) Importer(815301076,1909f56bfc062723c751e8b465ee728b)  -> (artifact id: 'b19254145ddfcf48d296444dc9d67191') in 0.020278 seconds 
========================================================================
Received Import Request.
  Time since last request: 0.000054 seconds.
  path: Assets/BEDRILL/Track_Environment_Free/Prefabs/Arch_banner_finish_free_obs.prefab
  artifactKey: Guid(c7bebf8ce7ad3264abbb7ed6a6953153) Importer(815301076,1909f56bfc062723c751e8b465ee728b)
Start importing Assets/BEDRILL/Track_Environment_Free/Prefabs/Arch_banner_finish_free_obs.prefab using Guid(c7bebf8ce7ad3264abbb7ed6a6953153) Importer(815301076,1909f56bfc062723c751e8b465ee728b)  -> (artifact id: '163ea32e96b5aaa0cc0b8809e32b9bf9') in 0.017161 seconds 
========================================================================
Received Import Request.
  Time since last request: 0.000039 seconds.
  path: Assets/BEDRILL/Track_Environment_Free/Prefabs/Barrier_free_obs.prefab
  artifactKey: Guid(f26c4802677a5194091851e89ded1f3a) Importer(815301076,1909f56bfc062723c751e8b465ee728b)
Start importing Assets/BEDRILL/Track_Environment_Free/Prefabs/Barrier_free_obs.prefab using Guid(f26c4802677a5194091851e89ded1f3a) Importer(815301076,1909f56bfc062723c751e8b465ee728b)  -> (artifact id: '5d409595579201994ff63c38acda357c') in 0.015534 seconds 
========================================================================
Received Import Request.
  Time since last request: 0.000040 seconds.
  path: Assets/BEDRILL/Track_Environment_Free/Prefabs/Flag_free_obs.prefab
  artifactKey: Guid(2e1e65078fb46104b990555c32488a27) Importer(815301076,1909f56bfc062723c751e8b465ee728b)
Start importing Assets/BEDRILL/Track_Environment_Free/Prefabs/Flag_free_obs.prefab using Guid(2e1e65078fb46104b990555c32488a27) Importer(815301076,1909f56bfc062723c751e8b465ee728b)  -> (artifact id: '469a66a701d3f154cbab58d8df470ab2') in 0.016426 seconds 
========================================================================
Received Import Request.
  Time since last request: 0.000031 seconds.
  path: Assets/BEDRILL/Track_Environment_Free/Prefabs/Cone_free_obs.prefab
  artifactKey: Guid(b6e6982b772a1bc46b88d93db630bee4) Importer(815301076,1909f56bfc062723c751e8b465ee728b)
Start importing Assets/BEDRILL/Track_Environment_Free/Prefabs/Cone_free_obs.prefab using Guid(b6e6982b772a1bc46b88d93db630bee4) Importer(815301076,1909f56bfc062723c751e8b465ee728b)  -> (artifact id: 'c949d86c45145b631fd94ca5cd3eafc3') in 0.021597 seconds 
========================================================================
Received Import Request.
  Time since last request: 0.000044 seconds.
  path: Assets/BEDRILL/Track_Environment_Free/Prefabs/Arrow_02_free_obs.prefab
  artifactKey: Guid(9c94a8e4ef130f449b9ac967b05bda92) Importer(815301076,1909f56bfc062723c751e8b465ee728b)
Start importing Assets/BEDRILL/Track_Environment_Free/Prefabs/Arrow_02_free_obs.prefab using Guid(9c94a8e4ef130f449b9ac967b05bda92) Importer(815301076,1909f56bfc062723c751e8b465ee728b)  -> (artifact id: 'e8cc7a33405c8004c030e731ae4c9dfd') in 0.020019 seconds 
========================================================================
Received Import Request.
  Time since last request: 0.000022 seconds.
  path: Assets/BEDRILL/Track_Environment_Free/Prefabs/Tribune_free_obs.prefab
  artifactKey: Guid(d83bf5421fa587548b541193382273ea) Importer(815301076,1909f56bfc062723c751e8b465ee728b)
Start importing Assets/BEDRILL/Track_Environment_Free/Prefabs/Tribune_free_obs.prefab using Guid(d83bf5421fa587548b541193382273ea) Importer(815301076,1909f56bfc062723c751e8b465ee728b)  -> (artifact id: 'a390f75d95ae318b7c4cce49219e7813') in 0.021918 seconds 
========================================================================
Received Import Request.
  Time since last request: 8.380229 seconds.
  path: Assets/BEDRILL/Modular_Track_Free/Models/Lawn_plane_15m_free.fbx
  artifactKey: Guid(a0d1c32e1d6bda04fac5e67d071c679a) Importer(815301076,1909f56bfc062723c751e8b465ee728b)
Start importing Assets/BEDRILL/Modular_Track_Free/Models/Lawn_plane_15m_free.fbx using Guid(a0d1c32e1d6bda04fac5e67d071c679a) Importer(815301076,1909f56bfc062723c751e8b465ee728b)  -> (artifact id: '726fec0fc213d07e836f34670b7850e8') in 0.037935 seconds 
========================================================================
Received Import Request.
  Time since last request: 0.000024 seconds.
  path: Assets/BEDRILL/Modular_Track_Free/Models/Track_Corner_90d_type_01_15x15m_quad_free.fbx
  artifactKey: Guid(bbd9233d969d6fc41986006524ad3103) Importer(815301076,1909f56bfc062723c751e8b465ee728b)
Start importing Assets/BEDRILL/Modular_Track_Free/Models/Track_Corner_90d_type_01_15x15m_quad_free.fbx using Guid(bbd9233d969d6fc41986006524ad3103) Importer(815301076,1909f56bfc062723c751e8b465ee728b)  -> (artifact id: '3b480daebcea1c3206bcb2787de85d33') in 0.034866 seconds 
========================================================================
Received Import Request.
  Time since last request: 0.000030 seconds.
  path: Assets/BEDRILL/Modular_Track_Free/Models/Track_line_type_01_30m_free.fbx
  artifactKey: Guid(33bbba6bc07665640b844e1b81d2e458) Importer(815301076,1909f56bfc062723c751e8b465ee728b)
Start importing Assets/BEDRILL/Modular_Track_Free/Models/Track_line_type_01_30m_free.fbx using Guid(33bbba6bc07665640b844e1b81d2e458) Importer(815301076,1909f56bfc062723c751e8b465ee728b)  -> (artifact id: '7cdad4c10ff81169f4bda0d463d69933') in 0.026302 seconds 
========================================================================
Received Import Request.
  Time since last request: 0.000034 seconds.
  path: Assets/BEDRILL/Modular_Track_Free/Models/Track_Fence_line_type_01_red_block_1&5m_free.fbx
  artifactKey: Guid(b5d873b652534f54fb382689325a8ed0) Importer(815301076,1909f56bfc062723c751e8b465ee728b)
Start importing Assets/BEDRILL/Modular_Track_Free/Models/Track_Fence_line_type_01_red_block_1&5m_free.fbx using Guid(b5d873b652534f54fb382689325a8ed0) Importer(815301076,1909f56bfc062723c751e8b465ee728b)  -> (artifact id: '0f8273d9a6dea639eba46cabb387cfe8') in 0.027562 seconds 
========================================================================
Received Import Request.
  Time since last request: 0.000028 seconds.
  path: Assets/BEDRILL/Modular_Track_Free/Models/Track_Fence_line_type_01_white_block_1&5m_free.fbx
  artifactKey: Guid(193c4ffb9d60d2148874c308bbd283a0) Importer(815301076,1909f56bfc062723c751e8b465ee728b)
Start importing Assets/BEDRILL/Modular_Track_Free/Models/Track_Fence_line_type_01_white_block_1&5m_free.fbx using Guid(193c4ffb9d60d2148874c308bbd283a0) Importer(815301076,1909f56bfc062723c751e8b465ee728b)  -> (artifact id: 'a75bbbc708fa59c66a109ce66a2ab151') in 0.024759 seconds 
========================================================================
Received Import Request.
  Time since last request: 0.000022 seconds.
  path: Assets/BEDRILL/Modular_Track_Free/Models/Track_line_type_01_15m_free.fbx
  artifactKey: Guid(fabe91f604127994ab9fcef58cb0b2ce) Importer(815301076,1909f56bfc062723c751e8b465ee728b)
Start importing Assets/BEDRILL/Modular_Track_Free/Models/Track_line_type_01_15m_free.fbx using Guid(fabe91f604127994ab9fcef58cb0b2ce) Importer(815301076,1909f56bfc062723c751e8b465ee728b)  -> (artifact id: '51d361a92b8e1da80ac59476281d016f') in 0.029834 seconds 
========================================================================
Received Import Request.
  Time since last request: 0.000040 seconds.
  path: Assets/BEDRILL/Modular_Track_Free/Models/Track_Corner_90d_type_01_30x30m_quad_free.fbx
  artifactKey: Guid(7cd1d2c7f903af547a1dc6525af1bde3) Importer(815301076,1909f56bfc062723c751e8b465ee728b)
Start importing Assets/BEDRILL/Modular_Track_Free/Models/Track_Corner_90d_type_01_30x30m_quad_free.fbx using Guid(7cd1d2c7f903af547a1dc6525af1bde3) Importer(815301076,1909f56bfc062723c751e8b465ee728b)  -> (artifact id: '92cea5d24f1b1396f7098c650094ed59') in 0.027807 seconds 
========================================================================
Received Import Request.
  Time since last request: 0.000026 seconds.
  path: Assets/BEDRILL/Modular_Track_Free/Models/Track_Corner_90d_type_01_30x30m_free.fbx
  artifactKey: Guid(5175279fb16e48044b7fde28997771c6) Importer(815301076,1909f56bfc062723c751e8b465ee728b)
Start importing Assets/BEDRILL/Modular_Track_Free/Models/Track_Corner_90d_type_01_30x30m_free.fbx using Guid(5175279fb16e48044b7fde28997771c6) Importer(815301076,1909f56bfc062723c751e8b465ee728b)  -> (artifact id: 'a54b14139835a7012e733c8692694bca') in 0.030750 seconds 
========================================================================
Received Import Request.
  Time since last request: 0.000036 seconds.
  path: Assets/BEDRILL/Modular_Track_Free/Models/Track_Corner_90d_type_01_15x15m_free.fbx
  artifactKey: Guid(493f01361ccfce74499b13e5a2e13c6a) Importer(815301076,1909f56bfc062723c751e8b465ee728b)
Start importing Assets/BEDRILL/Modular_Track_Free/Models/Track_Corner_90d_type_01_15x15m_free.fbx using Guid(493f01361ccfce74499b13e5a2e13c6a) Importer(815301076,1909f56bfc062723c751e8b465ee728b)  -> (artifact id: '914d2edcf13efb982aedfc1eb0b615f9') in 0.026959 seconds 
========================================================================
Received Import Request.
  Time since last request: 0.000030 seconds.
  path: Assets/BEDRILL/Modular_Track_Free/Models/Track_Fence_line_type_01_15m_free.fbx
  artifactKey: Guid(761ac6449add9834faf07e845a01ed91) Importer(815301076,1909f56bfc062723c751e8b465ee728b)
Start importing Assets/BEDRILL/Modular_Track_Free/Models/Track_Fence_line_type_01_15m_free.fbx using Guid(761ac6449add9834faf07e845a01ed91) Importer(815301076,1909f56bfc062723c751e8b465ee728b)  -> (artifact id: '1058cae0bd75871033118620c6be52f3') in 0.029052 seconds 
========================================================================
Received Import Request.
  Time since last request: 0.000039 seconds.
  path: Assets/BEDRILL/Modular_Track_Free/Models/Track_line_type_01_start_finish_15m_free.fbx
  artifactKey: Guid(6c0492ec64e98194f801795ea282dd3d) Importer(815301076,1909f56bfc062723c751e8b465ee728b)
Start importing Assets/BEDRILL/Modular_Track_Free/Models/Track_line_type_01_start_finish_15m_free.fbx using Guid(6c0492ec64e98194f801795ea282dd3d) Importer(815301076,1909f56bfc062723c751e8b465ee728b)  -> (artifact id: '4e2df536c3693b300d80bb49388dcfa3') in 0.025051 seconds 
========================================================================
Received Import Request.
  Time since last request: 8.947975 seconds.
  path: Assets/Prefabs/Road1.prefab
  artifactKey: Guid(456b119e348cbdc49b833513c5d74b84) Importer(815301076,1909f56bfc062723c751e8b465ee728b)
Start importing Assets/Prefabs/Road1.prefab using Guid(456b119e348cbdc49b833513c5d74b84) Importer(815301076,1909f56bfc062723c751e8b465ee728b)  -> (artifact id: 'e089d0926aba2320218f98e05faba2c0') in 0.048065 seconds 
========================================================================
Received Import Request.
  Time since last request: 0.000031 seconds.
  path: Assets/Prefabs/Road5.prefab
  artifactKey: Guid(143afefe9fd41ed48aa57db5a9476ec1) Importer(815301076,1909f56bfc062723c751e8b465ee728b)
Start importing Assets/Prefabs/Road5.prefab using Guid(143afefe9fd41ed48aa57db5a9476ec1) Importer(815301076,1909f56bfc062723c751e8b465ee728b)  -> (artifact id: '2e297b48742cb6b4475e54c771cc03af') in 0.070610 seconds 
========================================================================
Received Import Request.
  Time since last request: 0.000065 seconds.
  path: Assets/Prefabs/Road3.prefab
  artifactKey: Guid(4bc5baf1920beb142b899d1a6a6ae3c9) Importer(815301076,1909f56bfc062723c751e8b465ee728b)
Start importing Assets/Prefabs/Road3.prefab using Guid(4bc5baf1920beb142b899d1a6a6ae3c9) Importer(815301076,1909f56bfc062723c751e8b465ee728b)  -> (artifact id: '90f009c0ddbcbcdc582d5dbca8ffb512') in 0.022621 seconds 
========================================================================
Received Import Request.
  Time since last request: 0.000024 seconds.
  path: Assets/Prefabs/Road2.prefab
  artifactKey: Guid(717d951bd6645b44c94997685c91117e) Importer(815301076,1909f56bfc062723c751e8b465ee728b)
Start importing Assets/Prefabs/Road2.prefab using Guid(717d951bd6645b44c94997685c91117e) Importer(815301076,1909f56bfc062723c751e8b465ee728b)  -> (artifact id: '597b5dcd6132a92104726a7971bb96a5') in 0.037447 seconds 
========================================================================
Received Import Request.
  Time since last request: 0.000053 seconds.
  path: Assets/Prefabs/Road4.prefab
  artifactKey: Guid(37b1e28b277428846963e7d3da3deac3) Importer(815301076,1909f56bfc062723c751e8b465ee728b)
Start importing Assets/Prefabs/Road4.prefab using Guid(37b1e28b277428846963e7d3da3deac3) Importer(815301076,1909f56bfc062723c751e8b465ee728b)  -> (artifact id: 'b7bb8640b348963b39d17af70350a56a') in 0.052154 seconds 
========================================================================
Received Import Request.
  Time since last request: 3.612386 seconds.
  path: Assets/Models/Mobile Toon Cars Free/Scenes
  artifactKey: Guid(49209e68aa6f4b543a78f1c140d33907) Importer(815301076,1909f56bfc062723c751e8b465ee728b)
Start importing Assets/Models/Mobile Toon Cars Free/Scenes using Guid(49209e68aa6f4b543a78f1c140d33907) Importer(815301076,1909f56bfc062723c751e8b465ee728b)  -> (artifact id: '82029424ccb72550f376395c5409bbc8') in 0.004172 seconds 
========================================================================
Received Import Request.
  Time since last request: 13.928917 seconds.
  path: Assets/BEDRILL/Track_Environment_Free/Textures
  artifactKey: Guid(6175e53f46f30c645baca7b4860832f8) Importer(815301076,1909f56bfc062723c751e8b465ee728b)
Start importing Assets/BEDRILL/Track_Environment_Free/Textures using Guid(6175e53f46f30c645baca7b4860832f8) Importer(815301076,1909f56bfc062723c751e8b465ee728b)  -> (artifact id: 'd5cd3d9f66bd9c48c2856a2d5a6b47ab') in 0.003817 seconds 
========================================================================
Received Import Request.
  Time since last request: 0.034819 seconds.
  path: Assets/BEDRILL/Track_Environment_Free/Textures/Track_Texture.png
  artifactKey: Guid(df3a2f2806cd8074cb8235cf73db76f9) Importer(815301076,1909f56bfc062723c751e8b465ee728b)
Start importing Assets/BEDRILL/Track_Environment_Free/Textures/Track_Texture.png using Guid(df3a2f2806cd8074cb8235cf73db76f9) Importer(815301076,1909f56bfc062723c751e8b465ee728b)  -> (artifact id: '515984213f923db9747193ca4692b224') in 0.015319 seconds 
========================================================================
Received Import Request.
  Time since last request: 10.368213 seconds.
  path: Assets/TextMesh Pro/Fonts/LiberationSans.ttf
  artifactKey: Guid(e3265ab4bf004d28a9537516768c1c75) Importer(815301076,1909f56bfc062723c751e8b465ee728b)
Start importing Assets/TextMesh Pro/Fonts/LiberationSans.ttf using Guid(e3265ab4bf004d28a9537516768c1c75) Importer(815301076,1909f56bfc062723c751e8b465ee728b)  -> (artifact id: '5f3113df9c64817575ac1b2596df0c09') in 0.059706 seconds 
========================================================================
Received Import Request.
  Time since last request: 0.000030 seconds.
  path: Assets/BEDRILL/Modular_Track_Free/Material/Trek_Material_free.mat
  artifactKey: Guid(ac7d9a97c8bd19c4199840392bcb00b3) Importer(815301076,1909f56bfc062723c751e8b465ee728b)
Start importing Assets/BEDRILL/Modular_Track_Free/Material/Trek_Material_free.mat using Guid(ac7d9a97c8bd19c4199840392bcb00b3) Importer(815301076,1909f56bfc062723c751e8b465ee728b)  -> (artifact id: '12ca5f843e2d687d09aaae2e84ca58e8') in 0.018512 seconds 
========================================================================
Received Import Request.
  Time since last request: 1.044625 seconds.
  path: Assets/BEDRILL/Modular_Track_Free/Prefabs_Obs/Lawn_plane_15m_free_obs.prefab
  artifactKey: Guid(d9ab2401bf6839744952d1947386d8b3) Importer(815301076,1909f56bfc062723c751e8b465ee728b)
Start importing Assets/BEDRILL/Modular_Track_Free/Prefabs_Obs/Lawn_plane_15m_free_obs.prefab using Guid(d9ab2401bf6839744952d1947386d8b3) Importer(815301076,1909f56bfc062723c751e8b465ee728b)  -> (artifact id: 'e2082a43482ca3ae1101e2ea385f9710') in 0.027948 seconds 
========================================================================
Received Import Request.
  Time since last request: 0.000040 seconds.
  path: Assets/BEDRILL/Modular_Track_Free/Prefabs_Obs/Track_Corner_90d_type_01_15x15m_free_obs.prefab
  artifactKey: Guid(dd0831f60632baf4492b92858d493b29) Importer(815301076,1909f56bfc062723c751e8b465ee728b)
Start importing Assets/BEDRILL/Modular_Track_Free/Prefabs_Obs/Track_Corner_90d_type_01_15x15m_free_obs.prefab using Guid(dd0831f60632baf4492b92858d493b29) Importer(815301076,1909f56bfc062723c751e8b465ee728b)  -> (artifact id: 'fb5febc9a934dfb7ce13849ebda4c9d1') in 0.014896 seconds 
========================================================================
Received Import Request.
  Time since last request: 0.000025 seconds.
  path: Assets/BEDRILL/Modular_Track_Free/Prefabs_Obs/Track_Corner_90d_type_01_15x15m_quad_free_obs.prefab
  artifactKey: Guid(e5ade76ec6dcf6140937231635f92c06) Importer(815301076,1909f56bfc062723c751e8b465ee728b)
Start importing Assets/BEDRILL/Modular_Track_Free/Prefabs_Obs/Track_Corner_90d_type_01_15x15m_quad_free_obs.prefab using Guid(e5ade76ec6dcf6140937231635f92c06) Importer(815301076,1909f56bfc062723c751e8b465ee728b)  -> (artifact id: 'bd402aacb76de8845ff733c561ff4070') in 0.019008 seconds 
========================================================================
Received Import Request.
  Time since last request: 0.000026 seconds.
  path: Assets/BEDRILL/Modular_Track_Free/Prefabs_Obs/Track_Fence_line_type_01_15m_free_obs.prefab
  artifactKey: Guid(87e0acbd6ddf7814097e377d5a5c716d) Importer(815301076,1909f56bfc062723c751e8b465ee728b)
Start importing Assets/BEDRILL/Modular_Track_Free/Prefabs_Obs/Track_Fence_line_type_01_15m_free_obs.prefab using Guid(87e0acbd6ddf7814097e377d5a5c716d) Importer(815301076,1909f56bfc062723c751e8b465ee728b)  -> (artifact id: 'ef568d73527b432276d8a5d43ae9e664') in 0.018985 seconds 
========================================================================
Received Import Request.
  Time since last request: 0.000032 seconds.
  path: Assets/BEDRILL/Modular_Track_Free/Prefabs_Obs/Track_line_type_01_start_finish_15m_free_obs.prefab
  artifactKey: Guid(419b5557461398443a4b99d9496015fc) Importer(815301076,1909f56bfc062723c751e8b465ee728b)
Start importing Assets/BEDRILL/Modular_Track_Free/Prefabs_Obs/Track_line_type_01_start_finish_15m_free_obs.prefab using Guid(419b5557461398443a4b99d9496015fc) Importer(815301076,1909f56bfc062723c751e8b465ee728b)  -> (artifact id: '4a12283fe400407c3674c326a2fba802') in 0.020390 seconds 
========================================================================
Received Import Request.
  Time since last request: 0.000040 seconds.
  path: Assets/BEDRILL/Modular_Track_Free/Prefabs_Obs/Track_line_type_01_30m_free_obs.prefab
  artifactKey: Guid(18ab59e03c7a63c4dbfb26d2ca862d41) Importer(815301076,1909f56bfc062723c751e8b465ee728b)
Start importing Assets/BEDRILL/Modular_Track_Free/Prefabs_Obs/Track_line_type_01_30m_free_obs.prefab using Guid(18ab59e03c7a63c4dbfb26d2ca862d41) Importer(815301076,1909f56bfc062723c751e8b465ee728b)  -> (artifact id: '9cc37f7166ae02845c61189089adfaeb') in 0.022286 seconds 
========================================================================
Received Import Request.
  Time since last request: 0.000024 seconds.
  path: Assets/BEDRILL/Modular_Track_Free/Prefabs_Obs/Track_Fence_line_type_01_white_block_1&5m_free_obs.prefab
  artifactKey: Guid(484e95a1def424c4b9f1ad821e0c226a) Importer(815301076,1909f56bfc062723c751e8b465ee728b)
Start importing Assets/BEDRILL/Modular_Track_Free/Prefabs_Obs/Track_Fence_line_type_01_white_block_1&5m_free_obs.prefab using Guid(484e95a1def424c4b9f1ad821e0c226a) Importer(815301076,1909f56bfc062723c751e8b465ee728b)  -> (artifact id: 'fe56be8f8714ac94d3f57d53c7613af7') in 0.021293 seconds 
========================================================================
Received Import Request.
  Time since last request: 0.000043 seconds.
  path: Assets/BEDRILL/Modular_Track_Free/Prefabs_Obs/Track_Corner_90d_type_01_30x30m_quad_free_obs.prefab
  artifactKey: Guid(ac0f6076afd4dde4f82fd5097f69adc9) Importer(815301076,1909f56bfc062723c751e8b465ee728b)
Start importing Assets/BEDRILL/Modular_Track_Free/Prefabs_Obs/Track_Corner_90d_type_01_30x30m_quad_free_obs.prefab using Guid(ac0f6076afd4dde4f82fd5097f69adc9) Importer(815301076,1909f56bfc062723c751e8b465ee728b)  -> (artifact id: '7bf87ef1afbd9b5c1c0a700661e3a77e') in 0.021048 seconds 
========================================================================
Received Import Request.
  Time since last request: 0.000033 seconds.
  path: Assets/BEDRILL/Modular_Track_Free/Prefabs_Obs/Track_line_type_01_15m_free_obs.prefab
  artifactKey: Guid(1060f28bab45ab94eb490830df68466e) Importer(815301076,1909f56bfc062723c751e8b465ee728b)
Start importing Assets/BEDRILL/Modular_Track_Free/Prefabs_Obs/Track_line_type_01_15m_free_obs.prefab using Guid(1060f28bab45ab94eb490830df68466e) Importer(815301076,1909f56bfc062723c751e8b465ee728b)  -> (artifact id: '78a583b55b74dd473978c0e55efdefae') in 0.017975 seconds 
========================================================================
Received Import Request.
  Time since last request: 0.000024 seconds.
  path: Assets/BEDRILL/Modular_Track_Free/Prefabs_Obs/Track_Fence_line_type_01_red_block_1&5m_free_obs.prefab
  artifactKey: Guid(f5d3c5e0f5f32c141911c08deee9e94d) Importer(815301076,1909f56bfc062723c751e8b465ee728b)
Start importing Assets/BEDRILL/Modular_Track_Free/Prefabs_Obs/Track_Fence_line_type_01_red_block_1&5m_free_obs.prefab using Guid(f5d3c5e0f5f32c141911c08deee9e94d) Importer(815301076,1909f56bfc062723c751e8b465ee728b)  -> (artifact id: '7268e95a0268be9ab1de95070ad45a0b') in 0.019991 seconds 
========================================================================
Received Import Request.
  Time since last request: 0.000023 seconds.
  path: Assets/BEDRILL/Modular_Track_Free/Prefabs_Obs/Track_Corner_90d_type_01_30x30m_free_obs.prefab
  artifactKey: Guid(233c6ac239f5f764f802f62bea56397e) Importer(815301076,1909f56bfc062723c751e8b465ee728b)
Start importing Assets/BEDRILL/Modular_Track_Free/Prefabs_Obs/Track_Corner_90d_type_01_30x30m_free_obs.prefab using Guid(233c6ac239f5f764f802f62bea56397e) Importer(815301076,1909f56bfc062723c751e8b465ee728b)  -> (artifact id: '0db59351842160065b704fa2eaaa3269') in 0.020000 seconds 
========================================================================
Received Import Request.
  Time since last request: 78.488120 seconds.
  path: Assets/Tribune_free_obs.prefab
  artifactKey: Guid(8c37f19e6467acd44a87414ee5b52fa2) Importer(815301076,1909f56bfc062723c751e8b465ee728b)
Start importing Assets/Tribune_free_obs.prefab using Guid(8c37f19e6467acd44a87414ee5b52fa2) Importer(815301076,1909f56bfc062723c751e8b465ee728b)  -> (artifact id: '136fc1b14aa257ecc68299ab0788d6f5') in 0.018301 seconds 
========================================================================
Received Prepare
Registering precompiled user dll's ...
Registered in 0.006230 seconds.
Begin MonoManager ReloadAssembly
Symbol file LoadedFromMemory doesn't match image F:\Unity projects\FormulaRunner\Library\PackageCache\com.unity.visualscripting@1.7.8\Editor\VisualScripting.Core\Dependencies\YamlDotNet\Unity.VisualScripting.YamlDotNet.dll
Symbol file LoadedFromMemory doesn't match image F:\Unity projects\FormulaRunner\Library\PackageCache\com.unity.visualscripting@1.7.8\Editor\VisualScripting.Core\Dependencies\DotNetZip\Unity.VisualScripting.IonicZip.dll
Native extension for WindowsStandalone target not found
Native extension for iOS target not found
Native extension for Android target not found
Refreshing native plugins compatible for Editor in 0.95 ms, found 3 plugins.
Preloading 0 native plugins for Editor in 0.00 ms.
Mono: successfully reloaded assembly
- Completed reload, in  1.855 seconds
Domain Reload Profiling:
	ReloadAssembly (1856ms)
		BeginReloadAssembly (205ms)
			ExecutionOrderSort (0ms)
			DisableScriptedObjects (6ms)
			BackupInstance (0ms)
			ReleaseScriptingObjects (0ms)
			CreateAndSetChildDomain (56ms)
		EndReloadAssembly (1521ms)
			LoadAssemblies (134ms)
			RebuildTransferFunctionScriptingTraits (0ms)
			SetupTypeCache (486ms)
			ReleaseScriptCaches (2ms)
			RebuildScriptCaches (87ms)
			SetupLoadedEditorAssemblies (724ms)
				LogAssemblyErrors (0ms)
				InitializePlatformSupportModulesInManaged (65ms)
				SetLoadedEditorAssemblies (1ms)
				RefreshPlugins (1ms)
				BeforeProcessingInitializeOnLoad (194ms)
				ProcessInitializeOnLoadAttributes (400ms)
				ProcessInitializeOnLoadMethodAttributes (53ms)
				AfterProcessingInitializeOnLoad (9ms)
				EditorAssembliesLoaded (0ms)
			ExecutionOrderSort2 (0ms)
			AwakeInstancesAfterBackupRestoration (12ms)
Platform modules already initialized, skipping
Refreshing native plugins compatible for Editor in 2.96 ms, found 3 plugins.
Preloading 0 native plugins for Editor in 0.00 ms.
Unloading 3369 Unused Serialized files (Serialized files now loaded: 0)
Unloading 21 unused Assets / (79.3 KB). Loaded Objects now: 3918.
Memory consumption went from 134.0 MB to 133.9 MB.
Total: 5.022900 ms (FindLiveObjects: 0.365100 ms CreateObjectMapping: 0.252900 ms MarkObjects: 4.290600 ms  DeleteObjects: 0.112800 ms)

AssetImportParameters requested are different than current active one (requested -> active):
  custom:video-decoder-ogg-theora: a1e56fd34408186e4bbccfd4996cb3dc -> 
  custom:container-muxer-webm: aa71ff27fc2769a1b78a27578f13a17b -> 
  custom:container-demuxer-webm: 4f35f7cbe854078d1ac9338744f61a02 -> 
  custom:video-encoder-webm-vp8: eb34c28f22e8b96e1ab97ce403110664 -> 
  custom:audio-encoder-webm-vorbis: bf7c407c2cedff20999df2af8eb42d56 -> 
  custom:framework-win-MediaFoundation: 216162199b28c13a410421893ffa2e32 -> 
  custom:container-demuxer-ogg: 62fdf1f143b41e24485cea50d1cbac27 -> 
  custom:video-decoder-webm-vp8: 9c59270c3fd7afecdb556c50c9e8de78 -> 
  custom:audio-decoder-ogg-vorbis: bf7c407c2cedff20999df2af8eb42d56 -> 
========================================================================
Received Prepare
Registering precompiled user dll's ...
Registered in 0.006502 seconds.
Begin MonoManager ReloadAssembly
Symbol file LoadedFromMemory doesn't match image F:\Unity projects\FormulaRunner\Library\PackageCache\com.unity.visualscripting@1.7.8\Editor\VisualScripting.Core\Dependencies\YamlDotNet\Unity.VisualScripting.YamlDotNet.dll
Symbol file LoadedFromMemory doesn't match image F:\Unity projects\FormulaRunner\Library\PackageCache\com.unity.visualscripting@1.7.8\Editor\VisualScripting.Core\Dependencies\DotNetZip\Unity.VisualScripting.IonicZip.dll
Native extension for WindowsStandalone target not found
Native extension for iOS target not found
Native extension for Android target not found
Refreshing native plugins compatible for Editor in 0.97 ms, found 3 plugins.
Preloading 0 native plugins for Editor in 0.00 ms.
Mono: successfully reloaded assembly
- Completed reload, in  1.725 seconds
Domain Reload Profiling:
	ReloadAssembly (1727ms)
		BeginReloadAssembly (168ms)
			ExecutionOrderSort (0ms)
			DisableScriptedObjects (7ms)
			BackupInstance (0ms)
			ReleaseScriptingObjects (0ms)
			CreateAndSetChildDomain (47ms)
		EndReloadAssembly (1435ms)
			LoadAssemblies (105ms)
			RebuildTransferFunctionScriptingTraits (0ms)
			SetupTypeCache (473ms)
			ReleaseScriptCaches (2ms)
			RebuildScriptCaches (81ms)
			SetupLoadedEditorAssemblies (653ms)
				LogAssemblyErrors (0ms)
				InitializePlatformSupportModulesInManaged (68ms)
				SetLoadedEditorAssemblies (1ms)
				RefreshPlugins (1ms)
				BeforeProcessingInitializeOnLoad (139ms)
				ProcessInitializeOnLoadAttributes (379ms)
				ProcessInitializeOnLoadMethodAttributes (55ms)
				AfterProcessingInitializeOnLoad (9ms)
				EditorAssembliesLoaded (0ms)
			ExecutionOrderSort2 (0ms)
			AwakeInstancesAfterBackupRestoration (12ms)
Platform modules already initialized, skipping
Refreshing native plugins compatible for Editor in 2.99 ms, found 3 plugins.
Preloading 0 native plugins for Editor in 0.00 ms.
Unloading 3369 Unused Serialized files (Serialized files now loaded: 0)
Unloading 20 unused Assets / (78.5 KB). Loaded Objects now: 3921.
Memory consumption went from 134.0 MB to 133.9 MB.
Total: 5.150700 ms (FindLiveObjects: 0.665300 ms CreateObjectMapping: 0.336000 ms MarkObjects: 4.003100 ms  DeleteObjects: 0.144700 ms)

AssetImportParameters requested are different than current active one (requested -> active):
  custom:video-decoder-ogg-theora: a1e56fd34408186e4bbccfd4996cb3dc -> 
  custom:container-muxer-webm: aa71ff27fc2769a1b78a27578f13a17b -> 
  custom:container-demuxer-webm: 4f35f7cbe854078d1ac9338744f61a02 -> 
  custom:video-encoder-webm-vp8: eb34c28f22e8b96e1ab97ce403110664 -> 
  custom:audio-encoder-webm-vorbis: bf7c407c2cedff20999df2af8eb42d56 -> 
  custom:framework-win-MediaFoundation: 216162199b28c13a410421893ffa2e32 -> 
  custom:container-demuxer-ogg: 62fdf1f143b41e24485cea50d1cbac27 -> 
  custom:video-decoder-webm-vp8: 9c59270c3fd7afecdb556c50c9e8de78 -> 
  custom:audio-decoder-ogg-vorbis: bf7c407c2cedff20999df2af8eb42d56 -> 
========================================================================
Received Prepare
Registering precompiled user dll's ...
Registered in 0.007187 seconds.
Begin MonoManager ReloadAssembly
Symbol file LoadedFromMemory doesn't match image F:\Unity projects\FormulaRunner\Library\PackageCache\com.unity.visualscripting@1.7.8\Editor\VisualScripting.Core\Dependencies\YamlDotNet\Unity.VisualScripting.YamlDotNet.dll
Symbol file LoadedFromMemory doesn't match image F:\Unity projects\FormulaRunner\Library\PackageCache\com.unity.visualscripting@1.7.8\Editor\VisualScripting.Core\Dependencies\DotNetZip\Unity.VisualScripting.IonicZip.dll
Native extension for WindowsStandalone target not found
Native extension for iOS target not found
Native extension for Android target not found
Refreshing native plugins compatible for Editor in 2.16 ms, found 3 plugins.
Preloading 0 native plugins for Editor in 0.00 ms.
Mono: successfully reloaded assembly
- Completed reload, in  1.848 seconds
Domain Reload Profiling:
	ReloadAssembly (1849ms)
		BeginReloadAssembly (183ms)
			ExecutionOrderSort (0ms)
			DisableScriptedObjects (7ms)
			BackupInstance (0ms)
			ReleaseScriptingObjects (0ms)
			CreateAndSetChildDomain (48ms)
		EndReloadAssembly (1535ms)
			LoadAssemblies (134ms)
			RebuildTransferFunctionScriptingTraits (0ms)
			SetupTypeCache (528ms)
			ReleaseScriptCaches (2ms)
			RebuildScriptCaches (79ms)
			SetupLoadedEditorAssemblies (703ms)
				LogAssemblyErrors (0ms)
				InitializePlatformSupportModulesInManaged (61ms)
				SetLoadedEditorAssemblies (1ms)
				RefreshPlugins (2ms)
				BeforeProcessingInitializeOnLoad (141ms)
				ProcessInitializeOnLoadAttributes (424ms)
				ProcessInitializeOnLoadMethodAttributes (63ms)
				AfterProcessingInitializeOnLoad (12ms)
				EditorAssembliesLoaded (0ms)
			ExecutionOrderSort2 (0ms)
			AwakeInstancesAfterBackupRestoration (13ms)
Platform modules already initialized, skipping
Refreshing native plugins compatible for Editor in 2.89 ms, found 3 plugins.
Preloading 0 native plugins for Editor in 0.00 ms.
Unloading 3369 Unused Serialized files (Serialized files now loaded: 0)
Unloading 20 unused Assets / (78.5 KB). Loaded Objects now: 3924.
Memory consumption went from 134.0 MB to 133.9 MB.
Total: 4.919200 ms (FindLiveObjects: 0.403100 ms CreateObjectMapping: 0.340800 ms MarkObjects: 4.025900 ms  DeleteObjects: 0.148000 ms)

AssetImportParameters requested are different than current active one (requested -> active):
  custom:video-decoder-ogg-theora: a1e56fd34408186e4bbccfd4996cb3dc -> 
  custom:container-muxer-webm: aa71ff27fc2769a1b78a27578f13a17b -> 
  custom:container-demuxer-webm: 4f35f7cbe854078d1ac9338744f61a02 -> 
  custom:video-encoder-webm-vp8: eb34c28f22e8b96e1ab97ce403110664 -> 
  custom:audio-encoder-webm-vorbis: bf7c407c2cedff20999df2af8eb42d56 -> 
  custom:framework-win-MediaFoundation: 216162199b28c13a410421893ffa2e32 -> 
  custom:container-demuxer-ogg: 62fdf1f143b41e24485cea50d1cbac27 -> 
  custom:video-decoder-webm-vp8: 9c59270c3fd7afecdb556c50c9e8de78 -> 
  custom:audio-decoder-ogg-vorbis: bf7c407c2cedff20999df2af8eb42d56 -> 
========================================================================
Received Import Request.
  Time since last request: 895.736754 seconds.
  path: Assets/Scripts/ScoreManager.cs
  artifactKey: Guid(603f3dbbe4471774f9f0963ace487aa9) Importer(815301076,1909f56bfc062723c751e8b465ee728b)
Start importing Assets/Scripts/ScoreManager.cs using Guid(603f3dbbe4471774f9f0963ace487aa9) Importer(815301076,1909f56bfc062723c751e8b465ee728b)  -> (artifact id: '15bcd85adb650d3631f8b3273f80b944') in 0.029062 seconds 
========================================================================
Received Prepare
Registering precompiled user dll's ...
Registered in 0.006447 seconds.
Begin MonoManager ReloadAssembly
Symbol file LoadedFromMemory doesn't match image F:\Unity projects\FormulaRunner\Library\PackageCache\com.unity.visualscripting@1.7.8\Editor\VisualScripting.Core\Dependencies\YamlDotNet\Unity.VisualScripting.YamlDotNet.dll
Symbol file LoadedFromMemory doesn't match image F:\Unity projects\FormulaRunner\Library\PackageCache\com.unity.visualscripting@1.7.8\Editor\VisualScripting.Core\Dependencies\DotNetZip\Unity.VisualScripting.IonicZip.dll
Native extension for WindowsStandalone target not found
Native extension for iOS target not found
Native extension for Android target not found
Refreshing native plugins compatible for Editor in 1.09 ms, found 3 plugins.
Preloading 0 native plugins for Editor in 0.00 ms.
Mono: successfully reloaded assembly
- Completed reload, in  1.764 seconds
Domain Reload Profiling:
	ReloadAssembly (1765ms)
		BeginReloadAssembly (184ms)
			ExecutionOrderSort (0ms)
			DisableScriptedObjects (7ms)
			BackupInstance (0ms)
			ReleaseScriptingObjects (0ms)
			CreateAndSetChildDomain (48ms)
		EndReloadAssembly (1441ms)
			LoadAssemblies (141ms)
			RebuildTransferFunctionScriptingTraits (0ms)
			SetupTypeCache (467ms)
			ReleaseScriptCaches (2ms)
			RebuildScriptCaches (89ms)
			SetupLoadedEditorAssemblies (647ms)
				LogAssemblyErrors (0ms)
				InitializePlatformSupportModulesInManaged (63ms)
				SetLoadedEditorAssemblies (1ms)
				RefreshPlugins (1ms)
				BeforeProcessingInitializeOnLoad (130ms)
				ProcessInitializeOnLoadAttributes (386ms)
				ProcessInitializeOnLoadMethodAttributes (56ms)
				AfterProcessingInitializeOnLoad (10ms)
				EditorAssembliesLoaded (0ms)
			ExecutionOrderSort2 (0ms)
			AwakeInstancesAfterBackupRestoration (13ms)
Platform modules already initialized, skipping
Refreshing native plugins compatible for Editor in 2.88 ms, found 3 plugins.
Preloading 0 native plugins for Editor in 0.00 ms.
Unloading 3369 Unused Serialized files (Serialized files now loaded: 0)
Unloading 20 unused Assets / (78.5 KB). Loaded Objects now: 3927.
Memory consumption went from 134.0 MB to 133.9 MB.
Total: 5.132500 ms (FindLiveObjects: 0.360300 ms CreateObjectMapping: 0.582100 ms MarkObjects: 4.027900 ms  DeleteObjects: 0.160300 ms)

AssetImportParameters requested are different than current active one (requested -> active):
  custom:video-decoder-ogg-theora: a1e56fd34408186e4bbccfd4996cb3dc -> 
  custom:container-muxer-webm: aa71ff27fc2769a1b78a27578f13a17b -> 
  custom:container-demuxer-webm: 4f35f7cbe854078d1ac9338744f61a02 -> 
  custom:video-encoder-webm-vp8: eb34c28f22e8b96e1ab97ce403110664 -> 
  custom:audio-encoder-webm-vorbis: bf7c407c2cedff20999df2af8eb42d56 -> 
  custom:framework-win-MediaFoundation: 216162199b28c13a410421893ffa2e32 -> 
  custom:container-demuxer-ogg: 62fdf1f143b41e24485cea50d1cbac27 -> 
  custom:video-decoder-webm-vp8: 9c59270c3fd7afecdb556c50c9e8de78 -> 
  custom:audio-decoder-ogg-vorbis: bf7c407c2cedff20999df2af8eb42d56 -> 
